<?xml version="1.0" encoding="UTF-8"?>
<!-- Generated by org.testng.reporters.JUnitReportReporter -->
<testsuite skipped="0" hostname="LAPTOP-Q3VD0TQR" name="testScripts.Automobile.TC_Automobile_Validation" tests="1" failures="0" timestamp="2021-04-06T23:15:13 IST" time="167.983" errors="0">
  <testcase name="testTruckPage" time="167.983" classname="testScripts.Automobile.TC_Automobile_Validation"/>
  <system-out/>
</testsuite> <!-- testScripts.Automobile.TC_Automobile_Validation -->
