<?xml version="1.0" encoding="UTF-8"?>
<!-- Generated by org.testng.reporters.JUnitReportReporter -->
<testsuite skipped="0" hostname="LAPTOP-Q3VD0TQR" name="testScripts.Truck.TC_Truck_Validation" tests="1" failures="0" timestamp="2021-04-08T23:01:20 IST" time="170.258" errors="0">
  <testcase name="testTruckPage" time="170.258" classname="testScripts.Truck.TC_Truck_Validation"/>
  <system-out/>
</testsuite> <!-- testScripts.Truck.TC_Truck_Validation -->
