<?xml version="1.0" encoding="UTF-8"?>
<!-- Generated by org.testng.reporters.JUnitReportReporter -->
<testsuite skipped="0" hostname="DESKTOP-447TPO6" name="testScripts.Home.TC_Camper_Validation" tests="1" failures="0" timestamp="2021-04-03T13:22:57 IST" time="255.480" errors="0">
  <testcase name="testTruckPage" time="255.480" classname="testScripts.Home.TC_Camper_Validation"/>
  <system-out/>
</testsuite> <!-- testScripts.Home.TC_Camper_Validation -->
