<?xml version="1.0" encoding="UTF-8"?>
<!-- Generated by org.testng.reporters.JUnitReportReporter -->
<testsuite skipped="0" hostname="LAPTOP-Q3VD0TQR" name="testScripts.Home.TC_HomePage_Validation" tests="4" failures="0" timestamp="2021-04-05T22:14:20 IST" time="14.051" errors="0">
  <testcase name="testCamperLink" time="1.052" classname="testScripts.Home.TC_HomePage_Validation"/>
  <system-out/>
  <testcase name="testAutombileLink" time="3.625" classname="testScripts.Home.TC_HomePage_Validation"/>
  <system-out/>
  <testcase name="testMotorCycleLink" time="7.612" classname="testScripts.Home.TC_HomePage_Validation"/>
  <system-out/>
  <testcase name="testTruckLink" time="1.762" classname="testScripts.Home.TC_HomePage_Validation"/>
  <system-out/>
</testsuite> <!-- testScripts.Home.TC_HomePage_Validation -->
