<?xml version="1.0" encoding="UTF-8"?>
<!-- Generated by org.testng.reporters.JUnitReportReporter -->
<testsuite skipped="0" hostname="LAPTOP-Q3VD0TQR" name="testing.TC_AutomobilePage_Validation" tests="1" failures="0" timestamp="2021-04-03T02:15:29 IST" time="182.799" errors="0">
  <testcase name="testAutombilePage" time="182.799" classname="testing.TC_AutomobilePage_Validation"/>
  <system-out/>
</testsuite> <!-- testing.TC_AutomobilePage_Validation -->
