<?xml version="1.0" encoding="UTF-8"?>
<!-- Generated by org.testng.reporters.JUnitReportReporter -->
<testsuite skipped="1" hostname="DESKTOP-447TPO6" name="testScripts.Automobile.TC_Automobile_Validation" tests="2" failures="0" timestamp="2021-04-05T23:40:14 IST" time="0.350" errors="1">
  <testcase name="testTruckPage" time="0.000" classname="testScripts.Automobile.TC_Automobile_Validation">
    <skipped/>
  </testcase> <!-- testTruckPage -->
  <system-out/>
  <testcase name="oneTimeSetUp" time="0.350" classname="testScripts.Automobile.TC_Automobile_Validation">
    <error type="org.apache.poi.poifs.filesystem.OfficeXmlFileException" message="The supplied data appears to be in the Office 2007+ XML. You are calling the part of POI that deals with OLE2 Office Documents. You need to call a different part of POI to process this data (eg XSSF instead of HSSF)">
      <![CDATA[org.apache.poi.poifs.filesystem.OfficeXmlFileException: The supplied data appears to be in the Office 2007+ XML. You are calling the part of POI that deals with OLE2 Office Documents. You need to call a different part of POI to process this data (eg XSSF instead of HSSF)
at org.apache.poi.poifs.storage.HeaderBlock.<init>(HeaderBlock.java:126)
at org.apache.poi.poifs.storage.HeaderBlock.<init>(HeaderBlock.java:113)
at org.apache.poi.poifs.filesystem.NPOIFSFileSystem.<init>(NPOIFSFileSystem.java:301)
at org.apache.poi.hssf.usermodel.HSSFWorkbook.<init>(HSSFWorkbook.java:413)
at org.apache.poi.hssf.usermodel.HSSFWorkbook.<init>(HSSFWorkbook.java:394)
at functionLibrary.ExcelFunctionLibrary.<init>(ExcelFunctionLibrary.java:23)
at driver.Driver.oneTimeSetUp(Driver.java:21)
at sun.reflect.NativeMethodAccessorImpl.invoke0(Native Method)
at sun.reflect.NativeMethodAccessorImpl.invoke(Unknown Source)
at sun.reflect.DelegatingMethodAccessorImpl.invoke(Unknown Source)
at java.lang.reflect.Method.invoke(Unknown Source)
at org.testng.internal.MethodInvocationHelper.invokeMethod(MethodInvocationHelper.java:132)
at org.testng.internal.MethodInvocationHelper.invokeMethodConsideringTimeout(MethodInvocationHelper.java:61)
at org.testng.internal.ConfigInvoker.invokeConfigurationMethod(ConfigInvoker.java:366)
at org.testng.internal.ConfigInvoker.invokeConfigurations(ConfigInvoker.java:320)
at org.testng.SuiteRunner.privateRun(SuiteRunner.java:327)
at org.testng.SuiteRunner.run(SuiteRunner.java:286)
at org.testng.SuiteRunnerWorker.runSuite(SuiteRunnerWorker.java:53)
at org.testng.SuiteRunnerWorker.run(SuiteRunnerWorker.java:96)
at org.testng.TestNG.runSuitesSequentially(TestNG.java:1218)
at org.testng.TestNG.runSuitesLocally(TestNG.java:1140)
at org.testng.TestNG.runSuites(TestNG.java:1069)
at org.testng.TestNG.run(TestNG.java:1037)
at org.testng.remote.AbstractRemoteTestNG.run(AbstractRemoteTestNG.java:115)
at org.testng.remote.RemoteTestNG.initAndRun(RemoteTestNG.java:251)
at org.testng.remote.RemoteTestNG.main(RemoteTestNG.java:77)
]]>
    </error>
  </testcase> <!-- oneTimeSetUp -->
  <system-out/>
</testsuite> <!-- testScripts.Automobile.TC_Automobile_Validation -->
