<?xml version="1.0" encoding="UTF-8"?>
<!-- Generated by org.testng.reporters.JUnitReportReporter -->
<testsuite skipped="0" hostname="DESKTOP-447TPO6" name="testScripts.Home.TC_Truck_Validation" tests="1" failures="0" timestamp="2021-04-03T12:26:37 IST" time="234.656" errors="0">
  <testcase name="testTruckPage" time="234.656" classname="testScripts.Home.TC_Truck_Validation"/>
  <system-out/>
</testsuite> <!-- testScripts.Home.TC_Truck_Validation -->
