<?xml version="1.0" encoding="UTF-8"?>
<!-- Generated by org.testng.reporters.JUnitReportReporter -->
<testsuite skipped="0" hostname="LAPTOP-Q3VD0TQR" name="testScripts.Automobile.TC_Automobile_Validation" tests="1" failures="0" timestamp="2021-04-08T23:01:20 IST" time="171.024" errors="0">
  <testcase name="testAutomobilePage" time="171.024" classname="testScripts.Automobile.TC_Automobile_Validation"/>
  <system-out/>
</testsuite> <!-- testScripts.Automobile.TC_Automobile_Validation -->
