<?xml version="1.0" encoding="UTF-8"?>
<!-- Generated by org.testng.reporters.JUnitReportReporter -->
<testsuite skipped="0" hostname="LAPTOP-Q3VD0TQR" name="testScripts.Automobile.TC_Automobile_Validation" tests="1" failures="0" timestamp="2021-04-07T22:47:23 IST" time="230.287" errors="0">
  <testcase name="testAutomobilePage" time="230.287" classname="testScripts.Automobile.TC_Automobile_Validation"/>
  <system-out/>
</testsuite> <!-- testScripts.Automobile.TC_Automobile_Validation -->
