<?xml version="1.0" encoding="UTF-8"?>
<!-- Generated by org.testng.reporters.JUnitReportReporter -->
<testsuite skipped="0" hostname="DESKTOP-447TPO6" name="testScripts.Home.TC_MotorCycle_Validation" tests="1" failures="0" timestamp="2021-04-03T14:38:13 IST" time="223.725" errors="0">
  <testcase name="testTruckPage" time="223.725" classname="testScripts.Home.TC_MotorCycle_Validation"/>
  <system-out/>
</testsuite> <!-- testScripts.Home.TC_MotorCycle_Validation -->
