<?xml version="1.0" encoding="UTF-8"?>
<!-- Generated by org.testng.reporters.JUnitReportReporter -->
<testsuite skipped="0" hostname="LAPTOP-Q3VD0TQR" name="testScripts.Home.TC_HomePage_Validation" tests="4" failures="0" timestamp="2021-04-08T23:01:20 IST" time="16.055" errors="0">
  <testcase name="testTruckLink" time="11.743" classname="testScripts.Home.TC_HomePage_Validation"/>
  <system-out/>
  <testcase name="testAutombileLink" time="1.943" classname="testScripts.Home.TC_HomePage_Validation"/>
  <system-out/>
  <testcase name="testMotorCycleLink" time="1.224" classname="testScripts.Home.TC_HomePage_Validation"/>
  <system-out/>
  <testcase name="testCamperLink" time="1.145" classname="testScripts.Home.TC_HomePage_Validation"/>
  <system-out/>
</testsuite> <!-- testScripts.Home.TC_HomePage_Validation -->
