<?xml version="1.0" encoding="UTF-8"?>
<!-- Generated by org.testng.reporters.JUnitReportReporter -->
<testsuite skipped="0" hostname="LAPTOP-Q3VD0TQR" name="testScripts.Camper.TC_Camper_Validation" tests="1" failures="0" timestamp="2021-04-08T23:01:20 IST" time="178.702" errors="0">
  <testcase name="testCamperPage" time="178.702" classname="testScripts.Camper.TC_Camper_Validation"/>
  <system-out/>
</testsuite> <!-- testScripts.Camper.TC_Camper_Validation -->
