<?xml version="1.0" encoding="UTF-8"?>
<!-- Generated by org.testng.reporters.JUnitReportReporter -->
<testsuite skipped="0" hostname="DESKTOP-447TPO6" name="testScripts.Home.TC_Automobile_Validation" tests="1" failures="0" timestamp="2021-04-03T15:28:13 IST" time="253.346" errors="0">
  <testcase name="testTruckPage" time="253.346" classname="testScripts.Home.TC_Automobile_Validation"/>
  <system-out/>
</testsuite> <!-- testScripts.Home.TC_Automobile_Validation -->
