<?xml version="1.0" encoding="UTF-8"?>
<!-- Generated by org.testng.reporters.JUnitReportReporter -->
<testsuite skipped="0" hostname="LAPTOP-Q3VD0TQR" name="testScripts.Motorcycle.TC_MotorCycle_Validation" tests="1" failures="0" timestamp="2021-04-08T23:01:20 IST" time="168.964" errors="0">
  <testcase name="testMotorCyclePage" time="168.964" classname="testScripts.Motorcycle.TC_MotorCycle_Validation"/>
  <system-out/>
</testsuite> <!-- testScripts.Motorcycle.TC_MotorCycle_Validation -->
